error[E0276]: impl has stricter requirements than trait
  --> $DIR/impl_bounds.rs:14:39
   |
LL |     type A<'a> where Self: 'a;
   |     ---------- definition of `A` from trait
...
LL |     type A<'a> = (&'a ()) where Self: 'static;
   |                                       ^^^^^^^ impl has extra requirement `T: 'static`

error[E0276]: impl has stricter requirements than trait
  --> $DIR/impl_bounds.rs:16:48
   |
LL |     type B<'a, 'b> where 'a: 'b;
   |     -------------- definition of `B` from trait
...
LL |     type B<'a, 'b> = (&'a(), &'b ()) where 'b: 'a;
   |                                                ^^ impl has extra requirement `'b: 'a`

error[E0478]: lifetime bound not satisfied
  --> $DIR/impl_bounds.rs:16:22
   |
LL |     type B<'a, 'b> where 'a: 'b;
   |     -------------- definition of `B` from trait
...
LL |     type B<'a, 'b> = (&'a(), &'b ()) where 'b: 'a;
   |                      ^^^^^^^^^^^^^^^             - help: try copying this clause from the trait: `, 'a: 'b`
   |
note: lifetime parameter instantiated with the lifetime `'a` as defined here
  --> $DIR/impl_bounds.rs:16:12
   |
LL |     type B<'a, 'b> = (&'a(), &'b ()) where 'b: 'a;
   |            ^^
note: but lifetime parameter must outlive the lifetime `'b` as defined here
  --> $DIR/impl_bounds.rs:16:16
   |
LL |     type B<'a, 'b> = (&'a(), &'b ()) where 'b: 'a;
   |                ^^

error[E0277]: the trait bound `T: Copy` is not satisfied
  --> $DIR/impl_bounds.rs:19:33
   |
LL |     type C = String where Self: Copy;
   |                                 ^^^^ the trait `Copy` is not implemented for `T`
   |
note: required for `Fooy<T>` to implement `Copy`
  --> $DIR/impl_bounds.rs:10:10
   |
LL | #[derive(Copy, Clone)]
   |          ^^^^
note: the requirement `Fooy<T>: Copy` appears on the `impl`'s associated type `C` but not on the corresponding trait's associated type
  --> $DIR/impl_bounds.rs:6:10
   |
LL | trait Foo {
   |       --- in this trait
...
LL |     type C where Self: Clone;
   |          ^ this trait's associated type doesn't have the requirement `Fooy<T>: Copy`
   = note: this error originates in the derive macro `Copy` (in Nightly builds, run with -Z macro-backtrace for more info)
help: consider restricting type parameter `T`
   |
LL | impl<T: std::marker::Copy> Foo for Fooy<T> {
   |       +++++++++++++++++++

error[E0277]: the trait bound `T: Copy` is not satisfied
  --> $DIR/impl_bounds.rs:21:24
   |
LL |     fn d() where Self: Copy {}
   |                        ^^^^ the trait `Copy` is not implemented for `T`
   |
note: required for `Fooy<T>` to implement `Copy`
  --> $DIR/impl_bounds.rs:10:10
   |
LL | #[derive(Copy, Clone)]
   |          ^^^^
note: the requirement `Fooy<T>: Copy` appears on the `impl`'s method `d` but not on the corresponding trait's method
  --> $DIR/impl_bounds.rs:7:8
   |
LL | trait Foo {
   |       --- in this trait
...
LL |     fn d() where Self: Clone;
   |        ^ this trait's method doesn't have the requirement `Fooy<T>: Copy`
   = note: this error originates in the derive macro `Copy` (in Nightly builds, run with -Z macro-backtrace for more info)
help: consider restricting type parameter `T`
   |
LL | impl<T: std::marker::Copy> Foo for Fooy<T> {
   |       +++++++++++++++++++

error: aborting due to 5 previous errors

Some errors have detailed explanations: E0276, E0277, E0478.
For more information about an error, try `rustc --explain E0276`.
